[Licensing::Module] Trying to connect to existing licensing client channel...
Built from '6000.2/respin/6000.2.7f1-2eb0c79396db' branch; Version is '6000.2.7f2 (2b518236b676) revision 2838914'; Using compiler version '194234433'; Build Type 'Release'
OS: 'Windows 11  (10.0.26100) 64bit Professional' Language: 'en' Physical Memory: 7876 MB
BatchMode: 1, IsHumanControllingUs: 0, StartBugReporterOnCrash: 0, Is64bit: 1
Date: 2025-10-16T13:12:08Z
[Licensing::IpcConnector] Successfully connected to: "LicenseClient-SavannahJoseph" at "2025-10-16T13:12:08.293693Z"

COMMAND LINE ARGUMENTS:
C:\Program Files\Unity\Hub\Editor\6000.2.7f2-x86_64\Editor\Unity.exe
-adb2
-batchMode
-noUpm
-name
AssetImportWorker5
-projectPath
C:/Users/SavannahJoseph/github project 1/My project
-logFile
Logs/AssetImportWorker5.log
-srvPort
62091
-job-worker-count
5
-background-job-worker-count
8
-gc-helper-count
1
-name
AssetImport
Successfully changed project path to: C:/Users/SavannahJoseph/github project 1/My project
C:/Users/SavannahJoseph/github project 1/My project
[UnityMemory] Configuration Parameters - Can be set up in boot.config
    "memorysetup-allocator-temp-initial-block-size-main=262144"
    "memorysetup-allocator-temp-initial-block-size-worker=262144"
    "memorysetup-bucket-allocator-granularity=16"
    "memorysetup-bucket-allocator-bucket-count=8"
    "memorysetup-bucket-allocator-block-size=33554432"
    "memorysetup-bucket-allocator-block-count=8"
    "memorysetup-main-allocator-block-size=16777216"
    "memorysetup-thread-allocator-block-size=16777216"
    "memorysetup-gfx-main-allocator-block-size=16777216"
    "memorysetup-gfx-thread-allocator-block-size=16777216"
    "memorysetup-cache-allocator-block-size=4194304"
    "memorysetup-typetree-allocator-block-size=2097152"
    "memorysetup-profiler-bucket-allocator-granularity=16"
    "memorysetup-profiler-bucket-allocator-bucket-count=8"
    "memorysetup-profiler-bucket-allocator-block-size=33554432"
    "memorysetup-profiler-bucket-allocator-block-count=8"
    "memorysetup-profiler-allocator-block-size=16777216"
    "memorysetup-profiler-editor-allocator-block-size=1048576"
    "memorysetup-temp-allocator-size-main=16777216"
    "memorysetup-job-temp-allocator-block-size=2097152"
    "memorysetup-job-temp-allocator-block-size-background=1048576"
    "memorysetup-job-temp-allocator-reduction-small-platforms=262144"
    "memorysetup-temp-allocator-size-background-worker=32768"
    "memorysetup-temp-allocator-size-job-worker=262144"
    "memorysetup-temp-allocator-size-preload-manager=33554432"
    "memorysetup-temp-allocator-size-nav-mesh-worker=65536"
    "memorysetup-temp-allocator-size-audio-worker=65536"
    "memorysetup-temp-allocator-size-cloud-worker=32768"
    "memorysetup-temp-allocator-size-gi-baking-worker=262144"
    "memorysetup-temp-allocator-size-gi-baking-worker=262144"
    "memorysetup-temp-allocator-size-gi-baking-worker=262144"
    "memorysetup-temp-allocator-size-gi-baking-worker=262144"
    "memorysetup-temp-allocator-size-gi-baking-worker=262144"
    "memorysetup-temp-allocator-size-gfx=262144"
Player connection [19964]  Target information:

Player connection [19964]  * "[IP] 10.220.26.166 [Port] 0 [Flags] 2 [Guid] 3905559852 [EditorId] 3905559852 [Version] 1048832 [Id] WindowsEditor(7,UAC-LS-HDV59Y3) [Debug] 1 [PackageName] WindowsEditor [ProjectName] Editor" 

Player connection [19964] Host joined multi-casting on [225.0.0.222:54997]...
Player connection [19964] Host joined alternative multi-casting on [225.0.0.222:34997]...
JobSystem: Creating JobQueue using job-worker-count value 5
Input System module state changed to: Initialized.
[Physics::Module] Initialized fallback backend.
[Physics::Module] Id: 0xdecafbad
[Licensing::Client] Code 10 while verifying Licensing Client signature (process Id: 18992, path: "C:/Program Files/Unity/Hub/Editor/6000.2.7f2-x86_64/Editor/Data/Resources/Licensing/Client/Unity.Licensing.Client.exe")
[Licensing::Module] LicensingClient has failed validation; ignoring
[Licensing::Client] Handshaking with LicensingClient:
  Version:                 1.17.2+ff71f16
  Session Id:              bfacca2b084845119a31a6665e926e01
  Correlation Id:          10c47626edd9aa901b138963f7ddaf9e
  External correlation Id: 1895096810562879156
  Machine Id:              GqXQcun+nDQaU9sTKvzD/zbkIaI=
[Licensing::Module] Successfully connected to LicensingClient on channel: "LicenseClient-SavannahJoseph" (connect: 0.00s, validation: 0.01s, handshake: 0.09s)
[Licensing::IpcConnector] Successfully connected to: "LicenseClient-SavannahJoseph-notifications" at "2025-10-16T13:12:08.3907918Z"
[Licensing::Module] Licensing Background thread has ended after 0.10s
Library Redirect Path: Library/
[Physics::Module] Selected backend.
[Physics::Module] Name: PhysX
[Physics::Module] Id: 0xf2b8ea05
[Physics::Module] SDK Version: 4.1.2
[Physics::Module] Integration Version: 1.0.0
[Physics::Module] Threading Mode: Multi-Threaded
Refreshing native plugins compatible for Editor in 16.41 ms, found 4 plugins.
Preloading 0 native plugins for Editor in 0.00 ms.
Initialize engine version: 6000.2.7f2 (2b518236b676)
[Subsystems] Discovering subsystems at path C:/Program Files/Unity/Hub/Editor/6000.2.7f2-x86_64/Editor/Data/Resources/UnitySubsystems
[Subsystems] Discovering subsystems at path C:/Users/SavannahJoseph/github project 1/My project/Assets
GfxDevice: creating device client; kGfxThreadingModeNonThreaded
Direct3D:
    Version:  Direct3D 11.0 [level 11.1]
    Renderer: Intel(R) UHD Graphics (ID=0xa721)
    Vendor:   Intel
    VRAM:     3938 MB
    Driver:   32.0.101.6556
Initialize mono
Mono path[0] = 'C:/Program Files/Unity/Hub/Editor/6000.2.7f2-x86_64/Editor/Data/Managed'
Mono path[1] = 'C:/Program Files/Unity/Hub/Editor/6000.2.7f2-x86_64/Editor/Data/MonoBleedingEdge/lib/mono/unityjit-win32'
Mono config path = 'C:/Program Files/Unity/Hub/Editor/6000.2.7f2-x86_64/Editor/Data/MonoBleedingEdge/etc'
Using monoOptions --debugger-agent=transport=dt_socket,embedding=1,server=y,suspend=n,address=127.0.0.1:56552
Begin MonoManager ReloadAssembly
Registering precompiled unity dll's ...
Register platform support module: C:/Program Files/Unity/Hub/Editor/6000.2.7f2-x86_64/Editor/Data/PlaybackEngines/WindowsStandaloneSupport/UnityEditor.WindowsStandalone.Extensions.dll
Registered in 0.002276 seconds.
- Loaded All Assemblies, in  0.610 seconds
Native extension for WindowsStandalone target not found
Mono: successfully reloaded assembly
- Finished resetting the current domain, in  0.630 seconds
Domain Reload Profiling: 1239ms
	BeginReloadAssembly (230ms)
		ExecutionOrderSort (0ms)
		DisableScriptedObjects (0ms)
		BackupInstance (0ms)
		ReleaseScriptingObjects (0ms)
		CreateAndSetChildDomain (1ms)
	RebuildCommonClasses (52ms)
	RebuildNativeTypeToScriptingClass (11ms)
	initialDomainReloadingComplete (62ms)
	LoadAllAssembliesAndSetupDomain (253ms)
		LoadAssemblies (227ms)
		RebuildTransferFunctionScriptingTraits (0ms)
		AnalyzeDomain (246ms)
			TypeCache.Refresh (243ms)
				TypeCache.ScanAssembly (224ms)
			BuildScriptInfoCaches (0ms)
			ResolveRequiredComponents (1ms)
	FinalizeReload (631ms)
		ReleaseScriptCaches (0ms)
		RebuildScriptCaches (0ms)
		SetupLoadedEditorAssemblies (565ms)
			LogAssemblyErrors (0ms)
			InitializePlatformSupportModulesInManaged (70ms)
			SetLoadedEditorAssemblies (7ms)
			BeforeProcessingInitializeOnLoad (155ms)
			ProcessInitializeOnLoadAttributes (252ms)
			ProcessInitializeOnLoadMethodAttributes (81ms)
			AfterProcessingInitializeOnLoad (0ms)
			EditorAssembliesLoaded (0ms)
		ExecutionOrderSort2 (0ms)
		AwakeInstancesAfterBackupRestoration (0ms)
========================================================================
Worker process is ready to serve import requests
Import Worker Mode flag is 0x00
Begin MonoManager ReloadAssembly
[Licensing::Client] Successfully resolved entitlement details
[Licensing::Module] License group:
  Id: 2475883205101-UnityPersXXXX
  Product: Unity Personal
  Type: Assigned
  Expiration: Unlimited
- Loaded All Assemblies, in  0.926 seconds
Refreshing native plugins compatible for Editor in 1.58 ms, found 4 plugins.
Native extension for WindowsStandalone target not found
Package Manager log level set to [2]
[Package Manager] Failed to launch server process. Reason: Unity was launched with the -noUpm command-line argument
[Package Manager] Unable to send message (not connected to server process).
[Package Manager] Cannot connect to Unity Package Manager local server
Mono: successfully reloaded assembly
- Finished resetting the current domain, in  0.813 seconds
Domain Reload Profiling: 1734ms
	BeginReloadAssembly (232ms)
		ExecutionOrderSort (0ms)
		DisableScriptedObjects (8ms)
		BackupInstance (0ms)
		ReleaseScriptingObjects (0ms)
		CreateAndSetChildDomain (40ms)
	RebuildCommonClasses (37ms)
	RebuildNativeTypeToScriptingClass (12ms)
	initialDomainReloadingComplete (37ms)
	LoadAllAssembliesAndSetupDomain (604ms)
		LoadAssemblies (459ms)
		RebuildTransferFunctionScriptingTraits (0ms)
		AnalyzeDomain (268ms)
			TypeCache.Refresh (192ms)
				TypeCache.ScanAssembly (174ms)
			BuildScriptInfoCaches (59ms)
			ResolveRequiredComponents (12ms)
	FinalizeReload (814ms)
		ReleaseScriptCaches (0ms)
		RebuildScriptCaches (0ms)
		SetupLoadedEditorAssemblies (680ms)
			LogAssemblyErrors (0ms)
			InitializePlatformSupportModulesInManaged (2ms)
			SetLoadedEditorAssemblies (8ms)
			BeforeProcessingInitializeOnLoad (181ms)
			ProcessInitializeOnLoadAttributes (430ms)
			ProcessInitializeOnLoadMethodAttributes (56ms)
			AfterProcessingInitializeOnLoad (3ms)
			EditorAssembliesLoaded (0ms)
		ExecutionOrderSort2 (0ms)
		AwakeInstancesAfterBackupRestoration (5ms)
WARNING: Shader Unsupported: 'Hidden/Universal Render Pipeline/Terrain/Lit (Base Pass)' - All subshaders removed
WARNING: Shader Did you use #pragma only_renderers and omit this platform?
WARNING: Shader If subshaders removal was intentional, you may have forgotten turning Fallback off?
WARNING: Shader Unsupported: 'Hidden/Universal Render Pipeline/Terrain/Lit (Base Pass)' - All subshaders removed
WARNING: Shader Did you use #pragma only_renderers and omit this platform?
WARNING: Shader If subshaders removal was intentional, you may have forgotten turning Fallback off?
WARNING: Shader Unsupported: 'Universal Render Pipeline/Terrain/Lit' - All subshaders removed
WARNING: Shader Did you use #pragma only_renderers and omit this platform?
WARNING: Shader If subshaders removal was intentional, you may have forgotten turning Fallback off?
WARNING: Shader Unsupported: 'Universal Render Pipeline/Terrain/Lit' - All subshaders removed
WARNING: Shader Did you use #pragma only_renderers and omit this platform?
WARNING: Shader If subshaders removal was intentional, you may have forgotten turning Fallback off?
Launched and connected shader compiler UnityShaderCompiler.exe after 0.03 seconds
Refreshing native plugins compatible for Editor in 1.91 ms, found 4 plugins.
Preloading 0 native plugins for Editor in 0.00 ms.
Unloading 59 Unused Serialized files (Serialized files now loaded: 0)
Unloading 6816 unused Assets / (10.0 MB). Loaded Objects now: 7319.
Memory consumption went from 138.1 MB to 128.1 MB.
Total: 17.320600 ms (FindLiveObjects: 1.548900 ms CreateObjectMapping: 0.783000 ms MarkObjects: 8.302200 ms  DeleteObjects: 6.683600 ms)

========================================================================
Received Import Request.
  Time since last request: 431337.491435 seconds.
  path: Assets/UnityTechnologies/BunnyBall/Art/3D/Land.fbx
  artifactKey: Guid(102d2331bbbdb444188d4102b0a645e6) Importer(2089858483,192608db42251d675da83286b1cce702)
Start importing Assets/UnityTechnologies/BunnyBall/Art/3D/Land.fbx using Guid(102d2331bbbdb444188d4102b0a645e6) Importer(2089858483,192608db42251d675da83286b1cce702) (ScriptedImporter) -> (artifact id: '79b30dc38134ac397c0b49067b4db196') in 0.3157389 seconds
Number of updated asset objects reloaded before import = 0Number of asset objects unloaded after import = 8

========================================================================
Received Import Request.
  Time since last request: 0.000039 seconds.
  path: Assets/UnityTechnologies/BunnyBall/SimpleParticlePack/Resources/Flares/FlareCore.prefab
  artifactKey: Guid(e16e26b0fc4bd4fdfb4f8014fc3bd07b) Importer(2089858483,192608db42251d675da83286b1cce702)
Start importing Assets/UnityTechnologies/BunnyBall/SimpleParticlePack/Resources/Flares/FlareCore.prefab using Guid(e16e26b0fc4bd4fdfb4f8014fc3bd07b) Importer(2089858483,192608db42251d675da83286b1cce702) (ScriptedImporter) -> (artifact id: '81dfe00f49eb3c9185e11e274122c6c5') in 0.1688226 seconds
Number of updated asset objects reloaded before import = 0Number of asset objects unloaded after import = 6

========================================================================
Received Import Request.
  Time since last request: 0.000036 seconds.
  path: Assets/UnityTechnologies/BunnyBall/Prefabs/Player.prefab
  artifactKey: Guid(f757b320558b7984c96b025d56b0fd51) Importer(2089858483,192608db42251d675da83286b1cce702)
Start importing Assets/UnityTechnologies/BunnyBall/Prefabs/Player.prefab using Guid(f757b320558b7984c96b025d56b0fd51) Importer(2089858483,192608db42251d675da83286b1cce702) (ScriptedImporter) -> (artifact id: '6976ee586da44db74e2ca32394efff2c') in 0.1710276 seconds
Number of updated asset objects reloaded before import = 0Number of asset objects unloaded after import = 24

========================================================================
Received Import Request.
  Time since last request: 0.000043 seconds.
  path: Assets/UnityTechnologies/BunnyBall/SimpleParticlePack/Resources/Flares/Flare02.prefab
  artifactKey: Guid(c65e964da65b04bdb95be0f0e10a0012) Importer(2089858483,192608db42251d675da83286b1cce702)
Start importing Assets/UnityTechnologies/BunnyBall/SimpleParticlePack/Resources/Flares/Flare02.prefab using Guid(c65e964da65b04bdb95be0f0e10a0012) Importer(2089858483,192608db42251d675da83286b1cce702) (ScriptedImporter) -> (artifact id: 'ef49c73c148d7b85247a2a64e7d24ea5') in 0.1365217 seconds
Number of updated asset objects reloaded before import = 0Number of asset objects unloaded after import = 6

========================================================================
Received Import Request.
  Time since last request: 0.000028 seconds.
  path: Assets/UnityTechnologies/BunnyBall/Art/3D/Fence.fbx
  artifactKey: Guid(3fc0cc681ebf58340985f4579594c1c0) Importer(2089858483,192608db42251d675da83286b1cce702)
Start importing Assets/UnityTechnologies/BunnyBall/Art/3D/Fence.fbx using Guid(3fc0cc681ebf58340985f4579594c1c0) Importer(2089858483,192608db42251d675da83286b1cce702) (ScriptedImporter) -> (artifact id: '4793d5938fe554f8c86da8e48e6d8e4c') in 0.0395765 seconds
Number of updated asset objects reloaded before import = 0Number of asset objects unloaded after import = 8

========================================================================
Received Import Request.
  Time since last request: 0.000075 seconds.
  path: Assets/UnityTechnologies/BunnyBall/Art/3D/Character.fbx
  artifactKey: Guid(5a3029992dd890d4ba2e3685248d11c0) Importer(2089858483,192608db42251d675da83286b1cce702)
Start importing Assets/UnityTechnologies/BunnyBall/Art/3D/Character.fbx using Guid(5a3029992dd890d4ba2e3685248d11c0) Importer(2089858483,192608db42251d675da83286b1cce702) (ScriptedImporter) -> (artifact id: '54560edd1943f531d9c98b0792896124') in 0.0554416 seconds
Number of updated asset objects reloaded before import = 0Number of asset objects unloaded after import = 18

========================================================================
Received Import Request.
  Time since last request: 0.000035 seconds.
  path: Assets/UnityTechnologies/BunnyBall/SimpleParticlePack/Resources/Explosions/Explosion01c.prefab
  artifactKey: Guid(4813da6bfa5e94ac682f6d270a12d4b5) Importer(2089858483,192608db42251d675da83286b1cce702)
Start importing Assets/UnityTechnologies/BunnyBall/SimpleParticlePack/Resources/Explosions/Explosion01c.prefab using Guid(4813da6bfa5e94ac682f6d270a12d4b5) Importer(2089858483,192608db42251d675da83286b1cce702) (ScriptedImporter) -> (artifact id: '687aebbff471d0f08baadf908a6130d7') in 0.1387885 seconds
Number of updated asset objects reloaded before import = 0Number of asset objects unloaded after import = 10

========================================================================
Received Import Request.
  Time since last request: 0.000039 seconds.
  path: Assets/UnityTechnologies/BunnyBall/Art/Textures/Materials/Gate.mat
  artifactKey: Guid(0a5a64af6882ed94cbea3ef5b8e55d90) Importer(2089858483,192608db42251d675da83286b1cce702)
Start importing Assets/UnityTechnologies/BunnyBall/Art/Textures/Materials/Gate.mat using Guid(0a5a64af6882ed94cbea3ef5b8e55d90) Importer(2089858483,192608db42251d675da83286b1cce702) (ScriptedImporter) -> (artifact id: '17dea03698a3cdef09b57e9faaf1743d') in 0.0824956 seconds
Number of updated asset objects reloaded before import = 0Number of asset objects unloaded after import = 2

========================================================================
Received Import Request.
  Time since last request: 0.000053 seconds.
  path: Assets/UnityTechnologies/BunnyBall/SimpleParticlePack/Resources/Explosions/Explosion01b.prefab
  artifactKey: Guid(1e47e1a2302b340578c901da5181c6f1) Importer(2089858483,192608db42251d675da83286b1cce702)
Start importing Assets/UnityTechnologies/BunnyBall/SimpleParticlePack/Resources/Explosions/Explosion01b.prefab using Guid(1e47e1a2302b340578c901da5181c6f1) Importer(2089858483,192608db42251d675da83286b1cce702) (ScriptedImporter) -> (artifact id: '40b3261be1e9a4ab9bfe54e7e29effa0') in 0.1304455 seconds
Number of updated asset objects reloaded before import = 0Number of asset objects unloaded after import = 10

========================================================================
Received Import Request.
  Time since last request: 0.000028 seconds.
  path: Assets/UnityTechnologies/BunnyBall/Scripts/Key.cs
  artifactKey: Guid(c65264f8896472545b924f5dc724188f) Importer(2089858483,192608db42251d675da83286b1cce702)
Start importing Assets/UnityTechnologies/BunnyBall/Scripts/Key.cs using Guid(c65264f8896472545b924f5dc724188f) Importer(2089858483,192608db42251d675da83286b1cce702) (ScriptedImporter) -> (artifact id: '28906ed21f70b93f18ee07f84e507d82') in 0.0310815 seconds
Number of updated asset objects reloaded before import = 0Number of asset objects unloaded after import = 0

========================================================================
Received Import Request.
  Time since last request: 0.000189 seconds.
  path: Assets/UnityTechnologies/BunnyBall/Art/Textures/LightPathTurn.jpg
  artifactKey: Guid(b2b28f09155270b4b8226dde7a6ef24f) Importer(2089858483,192608db42251d675da83286b1cce702)
Start importing Assets/UnityTechnologies/BunnyBall/Art/Textures/LightPathTurn.jpg using Guid(b2b28f09155270b4b8226dde7a6ef24f) Importer(2089858483,192608db42251d675da83286b1cce702) (ScriptedImporter) -> (artifact id: '388008ad47b6441df7c06265544b4f61') in 0.0924578 seconds
Number of updated asset objects reloaded before import = 0Number of asset objects unloaded after import = 1

========================================================================
Received Import Request.
  Time since last request: 0.000118 seconds.
  path: Assets/UnityTechnologies/BunnyBall/SimpleParticlePack/Resources/Directional/SimpleFlame2(Blue).prefab
  artifactKey: Guid(9f404cddce5a345d9998b301b60096e8) Importer(2089858483,192608db42251d675da83286b1cce702)
Start importing Assets/UnityTechnologies/BunnyBall/SimpleParticlePack/Resources/Directional/SimpleFlame2(Blue).prefab using Guid(9f404cddce5a345d9998b301b60096e8) Importer(2089858483,192608db42251d675da83286b1cce702) (ScriptedImporter) -> (artifact id: '18cb1e77249ebd194fbe4ec05223fdcb') in 0.1241993 seconds
Number of updated asset objects reloaded before import = 0Number of asset objects unloaded after import = 6

========================================================================
Received Import Request.
  Time since last request: 0.000040 seconds.
  path: Assets/UnityTechnologies/BunnyBall/SimpleParticlePack/Resources/Explosions/Ring2x.prefab
  artifactKey: Guid(7cb5898aad48444f0ac3592bee3d738c) Importer(2089858483,192608db42251d675da83286b1cce702)
Start importing Assets/UnityTechnologies/BunnyBall/SimpleParticlePack/Resources/Explosions/Ring2x.prefab using Guid(7cb5898aad48444f0ac3592bee3d738c) Importer(2089858483,192608db42251d675da83286b1cce702) (ScriptedImporter) -> (artifact id: 'dee31fc9f823a92e0aa1b8cb146b96c9') in 0.1185493 seconds
Number of updated asset objects reloaded before import = 0Number of asset objects unloaded after import = 10

========================================================================
Received Import Request.
  Time since last request: 0.000034 seconds.
  path: Assets/UnityTechnologies/BunnyBall/Scripts/GameManager.cs
  artifactKey: Guid(450723c1ef06ee64fb4a6fdf8c15717a) Importer(2089858483,192608db42251d675da83286b1cce702)
Start importing Assets/UnityTechnologies/BunnyBall/Scripts/GameManager.cs using Guid(450723c1ef06ee64fb4a6fdf8c15717a) Importer(2089858483,192608db42251d675da83286b1cce702) (ScriptedImporter) -> (artifact id: 'c8b6b7f8903bfb2ed355ed980b07b501') in 0.0326867 seconds
Number of updated asset objects reloaded before import = 0Number of asset objects unloaded after import = 0

========================================================================
Received Import Request.
  Time since last request: 0.000174 seconds.
  path: Assets/UnityTechnologies/BunnyBall/SimpleParticlePack/Resources/Directional/SimpleFlame(Blue).prefab
  artifactKey: Guid(e840ebf9e10804cc7a1bb453752a4923) Importer(2089858483,192608db42251d675da83286b1cce702)
Start importing Assets/UnityTechnologies/BunnyBall/SimpleParticlePack/Resources/Directional/SimpleFlame(Blue).prefab using Guid(e840ebf9e10804cc7a1bb453752a4923) Importer(2089858483,192608db42251d675da83286b1cce702) (ScriptedImporter) -> (artifact id: '318eb49f6f42ada47551afbfd57e774c') in 0.1020257 seconds
Number of updated asset objects reloaded before import = 0Number of asset objects unloaded after import = 6

========================================================================
Received Import Request.
  Time since last request: 0.000030 seconds.
  path: Assets/UnityTechnologies/BunnyBall/Art/3D/Rocks.fbx
  artifactKey: Guid(77ab059ecff0d6644a3c0f6e5f3df6be) Importer(2089858483,192608db42251d675da83286b1cce702)
Start importing Assets/UnityTechnologies/BunnyBall/Art/3D/Rocks.fbx using Guid(77ab059ecff0d6644a3c0f6e5f3df6be) Importer(2089858483,192608db42251d675da83286b1cce702) (ScriptedImporter) -> (artifact id: '07cea0213cc6ab9aa59b3f038afb3a69') in 0.0576541 seconds
Number of updated asset objects reloaded before import = 0Number of asset objects unloaded after import = 8

Editor requested this worker to shutdown with reason: Scaling down because of idle timeout
AssetImportWorker is now disconnected from the server
Process exiting
Exiting without the bug reporter. Application will terminate with return code 0